<?xml version="1.0" encoding="UTF-8"?>
<!-- Generated by org.testng.reporters.JUnitXMLReporter -->
<testsuite ignored="0" hostname="DESKTOP-QUVONFL" failures="1" tests="2" name="opencartTests" time="16.558" errors="0" timestamp="2022-04-03T13:56:48 EDT">
  <testcase classname="testCases.TC_001_AccountRegistration" name="test_Account_Registration" time="4.793">
    <failure type="java.lang.AssertionError" message="expected [true] but found [false]">
      <![CDATA[java.lang.AssertionError: expected [true] but found [false]
at testCases.TC_001_AccountRegistration.test_Account_Registration(TC_001_AccountRegistration.java:68)
at java.base/java.util.ArrayList.forEach(ArrayList.java:1511)
... Removed 31 stack frames]]>
    </failure>
  </testcase> <!-- test_Account_Registration -->
  <testcase classname="testCases.TC_002_LoginTest" name="TC_002_testLogin" time="3.522"/>
</testsuite> <!-- opencartTests -->
